2025-03-06 19:44:32,122 - INFO - [linkedin_profile_scraper.py:21] - 
==================================================
NEW SCRAPING SESSION STARTED
==================================================
2025-03-06 19:44:32,124 - INFO - [linkedin_profile_scraper.py:274] - Starting LinkedIn Profile Scraper...
2025-03-06 19:44:32,124 - INFO - [linkedin_profile_scraper.py:25] - Initializing LinkedIn Profile Scraper...
2025-03-06 19:44:32,125 - INFO - [linkedin_profile_scraper.py:30] - User data directory: C:\Users\91798\.linkedin_automation
2025-03-06 19:44:32,125 - INFO - [linkedin_profile_scraper.py:31] - Cookies file: C:\Users\91798\.linkedin_automation\cookies.json
2025-03-06 19:44:32,125 - INFO - [linkedin_profile_scraper.py:32] - Debug directory: debug_output
2025-03-06 19:44:32,129 - INFO - [linkedin_profile_scraper.py:220] - Starting profile scraping for query: 'Sachin Raj' (max pages: 3)
2025-03-06 19:44:32,611 - INFO - [linkedin_profile_scraper.py:225] - Launching browser...
2025-03-06 19:44:32,843 - INFO - [linkedin_profile_scraper.py:230] - Creating browser context...
2025-03-06 19:44:32,988 - INFO - [linkedin_profile_scraper.py:137] - Starting login process...
2025-03-06 19:44:32,988 - INFO - [linkedin_profile_scraper.py:140] - Found existing cookies file, attempting to use saved cookies...
2025-03-06 19:44:32,989 - INFO - [linkedin_profile_scraper.py:144] - Loaded 38 cookies from file
2025-03-06 19:44:32,996 - INFO - [linkedin_profile_scraper.py:147] - Navigating to LinkedIn feed...
2025-03-06 19:44:42,113 - INFO - [linkedin_profile_scraper.py:152] - Successfully logged in using cookies!
2025-03-06 19:44:42,114 - INFO - [linkedin_profile_scraper.py:195] - Starting search for query: 'Sachin Raj'
2025-03-06 19:44:42,115 - INFO - [linkedin_profile_scraper.py:199] - Navigating to search URL: https://www.linkedin.com/search/results/people/?keywords=Sachin%20Raj
2025-03-06 19:44:45,532 - INFO - [linkedin_profile_scraper.py:201] - Waiting for search results to load...
2025-03-06 19:44:50,548 - INFO - [linkedin_profile_scraper.py:204] - Extracting profile URLs from search results...
2025-03-06 19:44:50,563 - INFO - [linkedin_profile_scraper.py:212] - Found 0 profile URLs
2025-03-06 19:44:50,563 - ERROR - [linkedin_profile_scraper.py:244] - No profiles found, aborting scraping
2025-03-06 19:44:50,964 - INFO - [linkedin_profile_scraper.py:281] - LinkedIn Profile Scraper finished
